<?xml version="1.0" encoding="UTF-8"?>
<!-- Generated by org.testng.reporters.JUnitReportReporter -->
<testsuite hostname="DESKTOP-UOE2L75" failures="0" tests="1" name="testcases.TC001" time="57.449" errors="0" timestamp="2021-06-21T22:34:44 IST" skipped="0">
  <testcase classname="testcases.TC001" name="openbrowser" time="57.449"/>
  <system-out/>
</testsuite> <!-- testcases.TC001 -->
